This is pdfTeX, Version 3.1415926-2.5-1.40.14 (MiKTeX 2.9) (preloaded format=pdflatex 2015.2.4)  5 APR 2016 18:32
entering extended mode
**Robert_Burnet_20465122_PHYS375_Final_Individual_Report.tex

("C:\Users\Robert Burnet\Google Drive\PHYS 375 Presentation and Report\Report\R
obert_Burnet_20465122_PHYS375_Final_Individual_Report.tex"
LaTeX2e <2011/06/27>
Babel <v3.8m> and hyphenation patterns for english, afrikaans, ancientgreek, ar
abic, armenian, assamese, basque, bengali, bokmal, bulgarian, catalan, coptic, 
croatian, czech, danish, dutch, esperanto, estonian, farsi, finnish, french, ga
lician, german, german-x-2013-05-26, greek, gujarati, hindi, hungarian, iceland
ic, indonesian, interlingua, irish, italian, kannada, kurmanji, latin, latvian,
 lithuanian, malayalam, marathi, mongolian, mongolianlmc, monogreek, ngerman, n
german-x-2013-05-26, nynorsk, oriya, panjabi, pinyin, polish, portuguese, roman
ian, russian, sanskrit, serbian, slovak, slovenian, spanish, swedish, swissgerm
an, tamil, telugu, turkish, turkmen, ukenglish, ukrainian, uppersorbian, usengl
ishmax, welsh, loaded.
("C:\Program Files (x86)\MiKTeX 2.9\tex\latex\base\article.cls"
Document Class: article 2007/10/19 v1.4h Standard LaTeX document class
("C:\Program Files (x86)\MiKTeX 2.9\tex\latex\base\size11.clo"
File: size11.clo 2007/10/19 v1.4h Standard LaTeX file (size option)
)
\c@part=\count79
\c@section=\count80
\c@subsection=\count81
\c@subsubsection=\count82
\c@paragraph=\count83
\c@subparagraph=\count84
\c@figure=\count85
\c@table=\count86
\abovecaptionskip=\skip41
\belowcaptionskip=\skip42
\bibindent=\dimen102
)
("C:\Users\Robert Burnet\Google Drive\PHYS 375 Presentation and Report\Report\s
cilabrpt.sty"
("C:\Program Files (x86)\MiKTeX 2.9\tex\latex\setspace\setspace.sty"
Package: setspace 2011/12/19 v6.7a set line spacing
)
("C:\Program Files (x86)\MiKTeX 2.9\tex\latex\url\url.sty"
\Urlmuskip=\muskip10
Package: url 2013/09/16  ver 3.4  Verb mode for urls, etc.
)
("C:\Program Files (x86)\MiKTeX 2.9\tex\latex\graphics\graphicx.sty"
Package: graphicx 1999/02/16 v1.0f Enhanced LaTeX Graphics (DPC,SPQR)

("C:\Program Files (x86)\MiKTeX 2.9\tex\latex\graphics\keyval.sty"
Package: keyval 1999/03/16 v1.13 key=value parser (DPC)
\KV@toks@=\toks14
)
("C:\Program Files (x86)\MiKTeX 2.9\tex\latex\graphics\graphics.sty"
Package: graphics 2009/02/05 v1.0o Standard LaTeX Graphics (DPC,SPQR)

("C:\Program Files (x86)\MiKTeX 2.9\tex\latex\graphics\trig.sty"
Package: trig 1999/03/16 v1.09 sin cos tan (DPC)
)
("C:\Program Files (x86)\MiKTeX 2.9\tex\latex\00miktex\graphics.cfg"
File: graphics.cfg 2007/01/18 v1.5 graphics configuration of teTeX/TeXLive
)
Package graphics Info: Driver file: pdftex.def on input line 91.

("C:\Program Files (x86)\MiKTeX 2.9\tex\latex\pdftex-def\pdftex.def"
File: pdftex.def 2011/05/27 v0.06d Graphics/color for pdfTeX

("C:\Program Files (x86)\MiKTeX 2.9\tex\generic\oberdiek\infwarerr.sty"
Package: infwarerr 2010/04/08 v1.3 Providing info/warning/error messages (HO)
)
("C:\Program Files (x86)\MiKTeX 2.9\tex\generic\oberdiek\ltxcmds.sty"
Package: ltxcmds 2011/11/09 v1.22 LaTeX kernel commands for general use (HO)
)
\Gread@gobject=\count87
))
\Gin@req@height=\dimen103
\Gin@req@width=\dimen104
)
("C:\Program Files (x86)\MiKTeX 2.9\tex\latex\tocloft\tocloft.sty"
Package: tocloft 2013/05/02 v2.3f parameterised ToC, etc., typesetting
Package tocloft Info: The document has section divisions on input line 44.
\cftparskip=\skip43
\cftbeforetoctitleskip=\skip44
\cftaftertoctitleskip=\skip45
\cftbeforepartskip=\skip46
\cftpartnumwidth=\skip47
\cftpartindent=\skip48
\cftbeforesecskip=\skip49
\cftsecindent=\skip50
\cftsecnumwidth=\skip51
\cftbeforesubsecskip=\skip52
\cftsubsecindent=\skip53
\cftsubsecnumwidth=\skip54
\cftbeforesubsubsecskip=\skip55
\cftsubsubsecindent=\skip56
\cftsubsubsecnumwidth=\skip57
\cftbeforeparaskip=\skip58
\cftparaindent=\skip59
\cftparanumwidth=\skip60
\cftbeforesubparaskip=\skip61
\cftsubparaindent=\skip62
\cftsubparanumwidth=\skip63
\cftbeforeloftitleskip=\skip64
\cftafterloftitleskip=\skip65
\cftbeforefigskip=\skip66
\cftfigindent=\skip67
\cftfignumwidth=\skip68
\c@lofdepth=\count88
\c@lotdepth=\count89
\cftbeforelottitleskip=\skip69
\cftafterlottitleskip=\skip70
\cftbeforetabskip=\skip71
\cfttabindent=\skip72
\cfttabnumwidth=\skip73
)
("C:\Program Files (x86)\MiKTeX 2.9\tex\latex\listings\listings.sty"
\lst@mode=\count90
\lst@gtempboxa=\box26
\lst@token=\toks15
\lst@length=\count91
\lst@currlwidth=\dimen105
\lst@column=\count92
\lst@pos=\count93
\lst@lostspace=\dimen106
\lst@width=\dimen107
\lst@newlines=\count94
\lst@lineno=\count95
\lst@maxwidth=\dimen108

("C:\Program Files (x86)\MiKTeX 2.9\tex\latex\listings\lstmisc.sty"
File: lstmisc.sty 2014/09/06 1.5e (Carsten Heinz)
\c@lstnumber=\count96
\lst@skipnumbers=\count97
\lst@framebox=\box27
)
("C:\Program Files (x86)\MiKTeX 2.9\tex\latex\listings\listings.cfg"
File: listings.cfg 2014/09/06 1.5e listings configuration
))
Package: listings 2014/09/06 1.5e (Carsten Heinz)

("C:\Program Files (x86)\MiKTeX 2.9\tex\latex\graphics\color.sty"
Package: color 2005/11/14 v1.0j Standard LaTeX Color (DPC)

("C:\Program Files (x86)\MiKTeX 2.9\tex\latex\00miktex\color.cfg"
File: color.cfg 2007/01/18 v1.5 color configuration of teTeX/TeXLive
)
Package color Info: Driver file: pdftex.def on input line 130.
)
("C:\Program Files (x86)\MiKTeX 2.9\tex\latex\geometry\geometry.sty"
Package: geometry 2010/09/12 v5.6 Page Geometry

("C:\Program Files (x86)\MiKTeX 2.9\tex\generic\oberdiek\ifpdf.sty"
Package: ifpdf 2011/01/30 v2.3 Provides the ifpdf switch (HO)
Package ifpdf Info: pdfTeX in PDF mode is detected.
)
("C:\Program Files (x86)\MiKTeX 2.9\tex\generic\oberdiek\ifvtex.sty"
Package: ifvtex 2010/03/01 v1.5 Detect VTeX and its facilities (HO)
Package ifvtex Info: VTeX not detected.
)
("C:\Program Files (x86)\MiKTeX 2.9\tex\generic\ifxetex\ifxetex.sty"
Package: ifxetex 2010/09/12 v0.6 Provides ifxetex conditional
)
\Gm@cnth=\count98
\Gm@cntv=\count99
\c@Gm@tempcnt=\count100
\Gm@bindingoffset=\dimen109
\Gm@wd@mp=\dimen110
\Gm@odd@mp=\dimen111
\Gm@even@mp=\dimen112
\Gm@layoutwidth=\dimen113
\Gm@layoutheight=\dimen114
\Gm@layouthoffset=\dimen115
\Gm@layoutvoffset=\dimen116
\Gm@dimlist=\toks16

("C:\Program Files (x86)\MiKTeX 2.9\tex\latex\geometry\geometry.cfg"))
("C:\Program Files (x86)\MiKTeX 2.9\tex\latex\amsmath\amsmath.sty"
Package: amsmath 2013/01/14 v2.14 AMS math features
\@mathmargin=\skip74

For additional information on amsmath, use the `?' option.
("C:\Program Files (x86)\MiKTeX 2.9\tex\latex\amsmath\amstext.sty"
Package: amstext 2000/06/29 v2.01

("C:\Program Files (x86)\MiKTeX 2.9\tex\latex\amsmath\amsgen.sty"
File: amsgen.sty 1999/11/30 v2.0
\@emptytoks=\toks17
\ex@=\dimen117
))
("C:\Program Files (x86)\MiKTeX 2.9\tex\latex\amsmath\amsbsy.sty"
Package: amsbsy 1999/11/29 v1.2d
\pmbraise@=\dimen118
)
("C:\Program Files (x86)\MiKTeX 2.9\tex\latex\amsmath\amsopn.sty"
Package: amsopn 1999/12/14 v2.01 operator names
)
\inf@bad=\count101
LaTeX Info: Redefining \frac on input line 210.
\uproot@=\count102
\leftroot@=\count103
LaTeX Info: Redefining \overline on input line 306.
\classnum@=\count104
\DOTSCASE@=\count105
LaTeX Info: Redefining \ldots on input line 378.
LaTeX Info: Redefining \dots on input line 381.
LaTeX Info: Redefining \cdots on input line 466.
\Mathstrutbox@=\box28
\strutbox@=\box29
\big@size=\dimen119
LaTeX Font Info:    Redeclaring font encoding OML on input line 566.
LaTeX Font Info:    Redeclaring font encoding OMS on input line 567.
\macc@depth=\count106
\c@MaxMatrixCols=\count107
\dotsspace@=\muskip11
\c@parentequation=\count108
\dspbrk@lvl=\count109
\tag@help=\toks18
\row@=\count110
\column@=\count111
\maxfields@=\count112
\andhelp@=\toks19
\eqnshift@=\dimen120
\alignsep@=\dimen121
\tagshift@=\dimen122
\tagwidth@=\dimen123
\totwidth@=\dimen124
\lineht@=\dimen125
\@envbody=\toks20
\multlinegap=\skip75
\multlinetaggap=\skip76
\mathdisplay@stack=\toks21
LaTeX Info: Redefining \[ on input line 2665.
LaTeX Info: Redefining \] on input line 2666.
)
("C:\Program Files (x86)\MiKTeX 2.9\tex\latex\amscls\amsthm.sty"
Package: amsthm 2004/08/06 v2.20
\thm@style=\toks22
\thm@bodyfont=\toks23
\thm@headfont=\toks24
\thm@notefont=\toks25
\thm@headpunct=\toks26
\thm@preskip=\skip77
\thm@postskip=\skip78
\thm@headsep=\skip79
\dth@everypar=\toks27
)
("C:\Program Files (x86)\MiKTeX 2.9\tex\latex\amsfonts\amssymb.sty"
Package: amssymb 2013/01/14 v3.01 AMS font symbols

("C:\Program Files (x86)\MiKTeX 2.9\tex\latex\amsfonts\amsfonts.sty"
Package: amsfonts 2013/01/14 v3.01 Basic AMSFonts support
\symAMSa=\mathgroup4
\symAMSb=\mathgroup5
LaTeX Font Info:    Overwriting math alphabet `\mathfrak' in version `bold'
(Font)                  U/euf/m/n --> U/euf/b/n on input line 106.
))
("C:\Program Files (x86)\MiKTeX 2.9\tex\latex\begriff\begriff.sty"
Package: begriff 
\BGthickness=\skip80
\BGafterlen=\skip81
\BGbeforelen=\skip82
\BGspace=\skip83
\BGlinewidth=\skip84

Begriffsschrift: 20 May 2005
) ("C:\Program Files (x86)\MiKTeX 2.9\tex\latex\fancyhdr\fancyhdr.sty"
\fancy@headwidth=\skip85
\f@ncyO@elh=\skip86
\f@ncyO@erh=\skip87
\f@ncyO@olh=\skip88
\f@ncyO@orh=\skip89
\f@ncyO@elf=\skip90
\f@ncyO@erf=\skip91
\f@ncyO@olf=\skip92
\f@ncyO@orf=\skip93
)
("C:\Program Files (x86)\MiKTeX 2.9\tex\latex\tools\multicol.sty"
Package: multicol 2011/06/27 v1.7a multicolumn formatting (FMi)
\c@tracingmulticols=\count113
\mult@box=\box30
\multicol@leftmargin=\dimen126
\c@unbalance=\count114
\c@collectmore=\count115
\doublecol@number=\count116
\multicoltolerance=\count117
\multicolpretolerance=\count118
\full@width=\dimen127
\page@free=\dimen128
\premulticols=\dimen129
\postmulticols=\dimen130
\multicolsep=\skip94
\multicolbaselineskip=\skip95
\partial@page=\box31
\last@line=\box32
\mult@rightbox=\box33
\mult@grightbox=\box34
\mult@gfirstbox=\box35
\mult@firstbox=\box36
\@tempa=\box37
\@tempa=\box38
\@tempa=\box39
\@tempa=\box40
\@tempa=\box41
\@tempa=\box42
\@tempa=\box43
\@tempa=\box44
\@tempa=\box45
\@tempa=\box46
\@tempa=\box47
\@tempa=\box48
\@tempa=\box49
\@tempa=\box50
\@tempa=\box51
\@tempa=\box52
\@tempa=\box53
\c@columnbadness=\count119
\c@finalcolumnbadness=\count120
\last@try=\dimen131
\multicolovershoot=\dimen132
\multicolundershoot=\dimen133
\mult@nat@firstbox=\box54
\colbreak@box=\box55
\multicol@sort@counter=\count121
)
("C:\Program Files (x86)\MiKTeX 2.9\tex\latex\ltxmisc\parskip.sty"
Package: parskip 2001/04/09 non-zero parskip adjustments
)
("C:\Program Files (x86)\MiKTeX 2.9\tex\latex\wrapfig\wrapfig.sty"
\wrapoverhang=\dimen134
\WF@size=\dimen135
\c@WF@wrappedlines=\count122
\WF@box=\box56
\WF@everypar=\toks28
Package: wrapfig 2003/01/31  v 3.6
)
("C:\Program Files (x86)\MiKTeX 2.9\tex\latex\hyperref\hyperref.sty"
Package: hyperref 2012/11/06 v6.83m Hypertext links for LaTeX

("C:\Program Files (x86)\MiKTeX 2.9\tex\generic\oberdiek\hobsub-hyperref.sty"
Package: hobsub-hyperref 2012/04/25 v1.12 Bundle oberdiek, subset hyperref (HO)


("C:\Program Files (x86)\MiKTeX 2.9\tex\generic\oberdiek\hobsub-generic.sty"
Package: hobsub-generic 2012/04/25 v1.12 Bundle oberdiek, subset generic (HO)
Package: hobsub 2012/04/25 v1.12 Construct package bundles (HO)
Package hobsub Info: Skipping package `infwarerr' (already loaded).
Package hobsub Info: Skipping package `ltxcmds' (already loaded).
Package: ifluatex 2010/03/01 v1.3 Provides the ifluatex switch (HO)
Package ifluatex Info: LuaTeX not detected.
Package hobsub Info: Skipping package `ifvtex' (already loaded).
Package: intcalc 2007/09/27 v1.1 Expandable calculations with integers (HO)
Package hobsub Info: Skipping package `ifpdf' (already loaded).
Package: etexcmds 2011/02/16 v1.5 Avoid name clashes with e-TeX commands (HO)
Package etexcmds Info: Could not find \expanded.
(etexcmds)             That can mean that you are not using pdfTeX 1.50 or
(etexcmds)             that some package has redefined \expanded.
(etexcmds)             In the latter case, load this package earlier.
Package: kvsetkeys 2012/04/25 v1.16 Key value parser (HO)
Package: kvdefinekeys 2011/04/07 v1.3 Define keys (HO)
Package: pdftexcmds 2011/11/29 v0.20 Utility functions of pdfTeX for LuaTeX (HO
)
Package pdftexcmds Info: LuaTeX not detected.
Package pdftexcmds Info: \pdf@primitive is available.
Package pdftexcmds Info: \pdf@ifprimitive is available.
Package pdftexcmds Info: \pdfdraftmode found.
Package: pdfescape 2011/11/25 v1.13 Implements pdfTeX's escape features (HO)
Package: bigintcalc 2012/04/08 v1.3 Expandable calculations on big integers (HO
)
Package: bitset 2011/01/30 v1.1 Handle bit-vector datatype (HO)
Package: uniquecounter 2011/01/30 v1.2 Provide unlimited unique counter (HO)
)
Package hobsub Info: Skipping package `hobsub' (already loaded).
Package: letltxmacro 2010/09/02 v1.4 Let assignment for LaTeX macros (HO)
Package: hopatch 2011/06/24 v1.1 Wrapper for package hooks (HO)
Package: xcolor-patch 2011/01/30 xcolor patch
Package: atveryend 2011/06/30 v1.8 Hooks at the very end of document (HO)
Package atveryend Info: \enddocument detected (standard20110627).
Package: atbegshi 2011/10/05 v1.16 At begin shipout hook (HO)
Package: refcount 2011/10/16 v3.4 Data extraction from label references (HO)
Package: hycolor 2011/01/30 v1.7 Color options for hyperref/bookmark (HO)
)
("C:\Program Files (x86)\MiKTeX 2.9\tex\latex\oberdiek\auxhook.sty"
Package: auxhook 2011/03/04 v1.3 Hooks for auxiliary files (HO)
)
("C:\Program Files (x86)\MiKTeX 2.9\tex\latex\oberdiek\kvoptions.sty"
Package: kvoptions 2011/06/30 v3.11 Key value format for package options (HO)
)
\@linkdim=\dimen136
\Hy@linkcounter=\count123
\Hy@pagecounter=\count124

("C:\Program Files (x86)\MiKTeX 2.9\tex\latex\hyperref\pd1enc.def"
File: pd1enc.def 2012/11/06 v6.83m Hyperref: PDFDocEncoding definition (HO)
)
\Hy@SavedSpaceFactor=\count125

("C:\Program Files (x86)\MiKTeX 2.9\tex\latex\00miktex\hyperref.cfg"
File: hyperref.cfg 2002/06/06 v1.2 hyperref configuration of TeXLive
)
Package hyperref Info: Option `colorlinks' set `true' on input line 4319.
Package hyperref Info: Hyper figures OFF on input line 4443.
Package hyperref Info: Link nesting OFF on input line 4448.
Package hyperref Info: Hyper index ON on input line 4451.
Package hyperref Info: Plain pages OFF on input line 4458.
Package hyperref Info: Backreferencing OFF on input line 4463.
Package hyperref Info: Implicit mode ON; LaTeX internals redefined.
Package hyperref Info: Bookmarks ON on input line 4688.
\c@Hy@tempcnt=\count126
LaTeX Info: Redefining \url on input line 5041.
\XeTeXLinkMargin=\dimen137
\Fld@menulength=\count127
\Field@Width=\dimen138
\Fld@charsize=\dimen139
Package hyperref Info: Hyper figures OFF on input line 6295.
Package hyperref Info: Link nesting OFF on input line 6300.
Package hyperref Info: Hyper index ON on input line 6303.
Package hyperref Info: backreferencing OFF on input line 6310.
Package hyperref Info: Link coloring ON on input line 6313.
Package hyperref Info: Link coloring with OCG OFF on input line 6320.
Package hyperref Info: PDF/A mode OFF on input line 6325.
LaTeX Info: Redefining \ref on input line 6365.
LaTeX Info: Redefining \pageref on input line 6369.
\Hy@abspage=\count128
\c@Item=\count129
\c@Hfootnote=\count130
)

Package hyperref Message: Driver (autodetected): hpdftex.

("C:\Program Files (x86)\MiKTeX 2.9\tex\latex\hyperref\hpdftex.def"
File: hpdftex.def 2012/11/06 v6.83m Hyperref driver for pdfTeX
\Fld@listcount=\count131
\c@bookmark@seq@number=\count132

("C:\Program Files (x86)\MiKTeX 2.9\tex\latex\oberdiek\rerunfilecheck.sty"
Package: rerunfilecheck 2011/04/15 v1.7 Rerun checks for auxiliary files (HO)
Package uniquecounter Info: New unique counter `rerunfilecheck' on input line 2
82.
)
\Hy@SectionHShift=\skip96
))
("C:\Program Files (x86)\MiKTeX 2.9\tex\latex\caption\subcaption.sty"
Package: subcaption 2016/02/20 v1.1-142 Sub-captions (AR)

("C:\Program Files (x86)\MiKTeX 2.9\tex\latex\caption\caption.sty"
Package: caption 2016/02/21 v3.3-144 Customizing captions (AR)

("C:\Program Files (x86)\MiKTeX 2.9\tex\latex\caption\caption3.sty"
Package: caption3 2016/02/04 v1.7-139 caption3 kernel (AR)
Package caption3 Info: TeX engine: e-TeX on input line 67.
\captionmargin=\dimen140
\captionmargin@=\dimen141
\captionwidth=\dimen142
\caption@tempdima=\dimen143
\caption@indent=\dimen144
\caption@parindent=\dimen145
\caption@hangindent=\dimen146
)
\c@ContinuedFloat=\count133
Package caption Info: hyperref package is loaded.
Package caption Info: listings package is loaded.
Package caption Info: wrapfig package is loaded.
)
\c@subfigure=\count134
\c@subtable=\count135
)
("C:\Program Files (x86)\MiKTeX 2.9\tex\latex\listings\lstlang1.sty"
File: lstlang1.sty 2014/09/06 1.5e listings language file
)
("C:\Users\Robert Burnet\Google Drive\PHYS 375 Presentation and Report\Report\R
obert_Burnet_20465122_PHYS375_Final_Individual_Report.aux"

LaTeX Warning: Label `f_rho' multiply defined.


LaTeX Warning: Label `f_rho' multiply defined.


LaTeX Warning: Label `f_rho' multiply defined.


LaTeX Warning: Label `f_rho' multiply defined.

)
LaTeX Font Info:    Checking defaults for OML/cmm/m/it on input line 42.
LaTeX Font Info:    ... okay on input line 42.
LaTeX Font Info:    Checking defaults for T1/cmr/m/n on input line 42.
LaTeX Font Info:    ... okay on input line 42.
LaTeX Font Info:    Checking defaults for OT1/cmr/m/n on input line 42.
LaTeX Font Info:    ... okay on input line 42.
LaTeX Font Info:    Checking defaults for OMS/cmsy/m/n on input line 42.
LaTeX Font Info:    ... okay on input line 42.
LaTeX Font Info:    Checking defaults for OMX/cmex/m/n on input line 42.
LaTeX Font Info:    ... okay on input line 42.
LaTeX Font Info:    Checking defaults for U/cmr/m/n on input line 42.
LaTeX Font Info:    ... okay on input line 42.
LaTeX Font Info:    Checking defaults for PD1/pdf/m/n on input line 42.
LaTeX Font Info:    ... okay on input line 42.
 ("C:\Program Files (x86)\MiKTeX 2.9\tex\context\base\supp-pdf.mkii"
[Loading MPS to PDF converter (version 2006.09.02).]
\scratchcounter=\count136
\scratchdimen=\dimen147
\scratchbox=\box57
\nofMPsegments=\count137
\nofMParguments=\count138
\everyMPshowfont=\toks29
\MPscratchCnt=\count139
\MPscratchDim=\dimen148
\MPnumerator=\count140
\makeMPintoPDFobject=\count141
\everyMPtoPDFconversion=\toks30
)
\c@lstlisting=\count142

*geometry* driver: auto-detecting
*geometry* detected driver: pdftex
*geometry* verbose mode - [ preamble ] result:
* driver: pdftex
* paper: <default>
* layout: <same size as paper>
* layoutoffset:(h,v)=(0.0pt,0.0pt)
* modes: 
* h-part:(L,W,R)=(36.135pt, 542.02501pt, 36.135pt)
* v-part:(T,H,B)=(36.135pt, 722.7pt, 36.135pt)
* \paperwidth=614.295pt
* \paperheight=794.96999pt
* \textwidth=542.02501pt
* \textheight=722.7pt
* \oddsidemargin=-36.135pt
* \evensidemargin=-36.135pt
* \topmargin=-73.135pt
* \headheight=12.0pt
* \headsep=25.0pt
* \topskip=11.0pt
* \footskip=30.0pt
* \marginparwidth=59.0pt
* \marginparsep=10.0pt
* \columnsep=10.0pt
* \skip\footins=10.0pt plus 4.0pt minus 2.0pt
* \hoffset=0.0pt
* \voffset=0.0pt
* \mag=1000
* \@twocolumnfalse
* \@twosidefalse
* \@mparswitchfalse
* \@reversemarginfalse
* (1in=72.27pt=25.4mm, 1cm=28.453pt)

\AtBeginShipoutBox=\box58
Package hyperref Info: Link coloring ON on input line 42.
("C:\Program Files (x86)\MiKTeX 2.9\tex\latex\hyperref\nameref.sty"
Package: nameref 2012/10/27 v2.43 Cross-referencing by name of section

("C:\Program Files (x86)\MiKTeX 2.9\tex\generic\oberdiek\gettitlestring.sty"
Package: gettitlestring 2010/12/03 v1.4 Cleanup title references (HO)
)
\c@section@level=\count143
)
LaTeX Info: Redefining \ref on input line 42.
LaTeX Info: Redefining \pageref on input line 42.
LaTeX Info: Redefining \nameref on input line 42.

("C:\Users\Robert Burnet\Google Drive\PHYS 375 Presentation and Report\Report\R
obert_Burnet_20465122_PHYS375_Final_Individual_Report.out")
("C:\Users\Robert Burnet\Google Drive\PHYS 375 Presentation and Report\Report\R
obert_Burnet_20465122_PHYS375_Final_Individual_Report.out")
\@outlinefile=\write3
Package caption Info: Begin \AtBeginDocument code.
Package caption Info: End \AtBeginDocument code.


LaTeX Font Warning: Font shape `OT1/cmr/bx/sc' undefined
(Font)              using `OT1/cmr/bx/n' instead on input line 56.

[1

{C:/ProgramData/MiKTeX/2.9/pdftex/config/pdftex.map}]
("C:\Users\Robert Burnet\Google Drive\PHYS 375 Presentation and Report\Report\R
obert_Burnet_20465122_PHYS375_Final_Individual_Report.toc"
LaTeX Font Info:    Try loading font information for U+msa on input line 1.

("C:\Program Files (x86)\MiKTeX 2.9\tex\latex\amsfonts\umsa.fd"
File: umsa.fd 2013/01/14 v3.01 AMS symbols A
)
LaTeX Font Info:    Try loading font information for U+msb on input line 1.

("C:\Program Files (x86)\MiKTeX 2.9\tex\latex\amsfonts\umsb.fd"
File: umsb.fd 2013/01/14 v3.01 AMS symbols B
))
\tf@toc=\write4
pdfTeX warning (ext4): destination with the same identifier (name{page.i}) has 
been already used, duplicate ignored
<to be read again> 
                   \relax 
l.59 \dotableofcontents
                        [1] [1] [2]
<plots/main_sequence/ms.png, id=65, 578.16pt x 433.62pt>
File: plots/main_sequence/ms.png Graphic file (type png)

<use plots/main_sequence/ms.png>
Package pdftex.def Info: plots/main_sequence/ms.png used on input line 113.
(pdftex.def)             Requested size: 404.70924pt x 303.53192pt.

<plots/main_sequence/LvM.png, id=70, 578.16pt x 433.62pt>
File: plots/main_sequence/LvM.png Graphic file (type png)

<use plots/main_sequence/LvM.png>
Package pdftex.def Info: plots/main_sequence/LvM.png used on input line 124.
(pdftex.def)             Requested size: 346.89867pt x 260.17401pt.


LaTeX Warning: `!h' float specifier changed to `!ht'.

<plots/main_sequence/RvM.png, id=71, 578.16pt x 433.62pt>
File: plots/main_sequence/RvM.png Graphic file (type png)

<use plots/main_sequence/RvM.png>
Package pdftex.def Info: plots/main_sequence/RvM.png used on input line 131.
(pdftex.def)             Requested size: 346.89867pt x 260.17401pt.


LaTeX Warning: `!h' float specifier changed to `!ht'.


Underfull \hbox (badness 10000) in paragraph at lines 136--137

 []

[3 <C:/Users/Robert Burnet/Google Drive/PHYS 375 Presentation and Report/Report
/plots/main_sequence/ms.png>] [4 <C:/Users/Robert Burnet/Google Drive/PHYS 375 
Presentation and Report/Report/plots/main_sequence/LvM.png> <C:/Users/Robert Bu
rnet/Google Drive/PHYS 375 Presentation and Report/Report/plots/main_sequence/R
vM.png>]
Underfull \hbox (badness 10000) in paragraph at lines 169--170

 []


<plots/star_comp-_X-0.73,Y-0.25,Z-0.02__Tc-9000000.0/stellar_state.png, id=87, 
578.16pt x 433.62pt>
File: plots/star_comp-_X-0.73,Y-0.25,Z-0.02__Tc-9000000.0/stellar_state.png Gra
phic file (type png)

<use plots/star_comp-_X-0.73,Y-0.25,Z-0.02__Tc-9000000.0/stellar_state.png>
Package pdftex.def Info: plots/star_comp-_X-0.73,Y-0.25,Z-0.02__Tc-9000000.0/st
ellar_state.png used on input line 175.
(pdftex.def)             Requested size: 289.07928pt x 216.80946pt.

Overfull \hbox (18.06679pt too wide) in paragraph at lines 175--176
 [][] 
 []


<plots/star_comp-_X-0.73,Y-0.25,Z-0.02__Tc-33000000.0/stellar_state.png, id=88,
 578.16pt x 433.62pt>
File: plots/star_comp-_X-0.73,Y-0.25,Z-0.02__Tc-33000000.0/stellar_state.png Gr
aphic file (type png)

<use plots/star_comp-_X-0.73,Y-0.25,Z-0.02__Tc-33000000.0/stellar_state.png>
Package pdftex.def Info: plots/star_comp-_X-0.73,Y-0.25,Z-0.02__Tc-33000000.0/s
tellar_state.png used on input line 181.
(pdftex.def)             Requested size: 289.07928pt x 216.80946pt.

Overfull \hbox (18.06679pt too wide) in paragraph at lines 181--182
 [][] 
 []


<plots/star_comp-_X-0.73,Y-0.25,Z-0.02__Tc-9000000.0/partial_pressure.png, id=8
9, 578.16pt x 433.62pt>
File: plots/star_comp-_X-0.73,Y-0.25,Z-0.02__Tc-9000000.0/partial_pressure.png 
Graphic file (type png)

<use plots/star_comp-_X-0.73,Y-0.25,Z-0.02__Tc-9000000.0/partial_pressure.png>
Package pdftex.def Info: plots/star_comp-_X-0.73,Y-0.25,Z-0.02__Tc-9000000.0/pa
rtial_pressure.png used on input line 193.
(pdftex.def)             Requested size: 289.07928pt x 216.80946pt.

Overfull \hbox (18.06679pt too wide) in paragraph at lines 193--194
 [][] 
 []


<plots/star_comp-_X-0.73,Y-0.25,Z-0.02__Tc-33000000.0/partial_pressure.png, id=
90, 578.16pt x 433.62pt>
File: plots/star_comp-_X-0.73,Y-0.25,Z-0.02__Tc-33000000.0/partial_pressure.png
 Graphic file (type png)

<use plots/star_comp-_X-0.73,Y-0.25,Z-0.02__Tc-33000000.0/partial_pressure.png>
Package pdftex.def Info: plots/star_comp-_X-0.73,Y-0.25,Z-0.02__Tc-33000000.0/p
artial_pressure.png used on input line 199.
(pdftex.def)             Requested size: 289.07928pt x 216.80946pt.

Overfull \hbox (18.06679pt too wide) in paragraph at lines 199--200
 [][] 
 []


LaTeX Warning: `!h' float specifier changed to `!ht'.


<plots/star_comp-_X-0.73,Y-0.25,Z-0.02__Tc-9000000.0/partial_opacity.png, id=91
, 578.16pt x 433.62pt>
File: plots/star_comp-_X-0.73,Y-0.25,Z-0.02__Tc-9000000.0/partial_opacity.png G
raphic file (type png)

<use plots/star_comp-_X-0.73,Y-0.25,Z-0.02__Tc-9000000.0/partial_opacity.png>
Package pdftex.def Info: plots/star_comp-_X-0.73,Y-0.25,Z-0.02__Tc-9000000.0/pa
rtial_opacity.png used on input line 211.
(pdftex.def)             Requested size: 289.07928pt x 216.80946pt.

Overfull \hbox (18.06679pt too wide) in paragraph at lines 211--212
 [][] 
 []


<plots/star_comp-_X-0.73,Y-0.25,Z-0.02__Tc-33000000.0/partial_opacity.png, id=9
2, 578.16pt x 433.62pt>
File: plots/star_comp-_X-0.73,Y-0.25,Z-0.02__Tc-33000000.0/partial_opacity.png 
Graphic file (type png)

<use plots/star_comp-_X-0.73,Y-0.25,Z-0.02__Tc-33000000.0/partial_opacity.png>
Package pdftex.def Info: plots/star_comp-_X-0.73,Y-0.25,Z-0.02__Tc-33000000.0/p
artial_opacity.png used on input line 217.
(pdftex.def)             Requested size: 289.07928pt x 216.80946pt.

Overfull \hbox (18.06679pt too wide) in paragraph at lines 217--218
 [][] 
 []


LaTeX Warning: `!h' float specifier changed to `!ht'.


<plots/star_comp-_X-0.73,Y-0.25,Z-0.02__Tc-9000000.0/partial_lumin.png, id=93, 
578.16pt x 433.62pt>
File: plots/star_comp-_X-0.73,Y-0.25,Z-0.02__Tc-9000000.0/partial_lumin.png Gra
phic file (type png)

<use plots/star_comp-_X-0.73,Y-0.25,Z-0.02__Tc-9000000.0/partial_lumin.png>
Package pdftex.def Info: plots/star_comp-_X-0.73,Y-0.25,Z-0.02__Tc-9000000.0/pa
rtial_lumin.png used on input line 229.
(pdftex.def)             Requested size: 289.07928pt x 216.80946pt.

Overfull \hbox (18.06679pt too wide) in paragraph at lines 229--230
 [][] 
 []


<plots/star_comp-_X-0.73,Y-0.25,Z-0.02__Tc-33000000.0/partial_lumin.png, id=94,
 578.16pt x 433.62pt>
File: plots/star_comp-_X-0.73,Y-0.25,Z-0.02__Tc-33000000.0/partial_lumin.png Gr
aphic file (type png)

<use plots/star_comp-_X-0.73,Y-0.25,Z-0.02__Tc-33000000.0/partial_lumin.png>
Package pdftex.def Info: plots/star_comp-_X-0.73,Y-0.25,Z-0.02__Tc-33000000.0/p
artial_lumin.png used on input line 235.
(pdftex.def)             Requested size: 289.07928pt x 216.80946pt.

Overfull \hbox (18.06679pt too wide) in paragraph at lines 235--236
 [][] 
 []


LaTeX Warning: `!h' float specifier changed to `!ht'.


<plots/star_comp-_X-0.73,Y-0.25,Z-0.02__Tc-9000000.0/dlogP_dlogT.png, id=95, 57
8.16pt x 433.62pt>
File: plots/star_comp-_X-0.73,Y-0.25,Z-0.02__Tc-9000000.0/dlogP_dlogT.png Graph
ic file (type png)

<use plots/star_comp-_X-0.73,Y-0.25,Z-0.02__Tc-9000000.0/dlogP_dlogT.png>
Package pdftex.def Info: plots/star_comp-_X-0.73,Y-0.25,Z-0.02__Tc-9000000.0/dl
ogP_dlogT.png used on input line 247.
(pdftex.def)             Requested size: 289.07928pt x 216.80946pt.

Overfull \hbox (18.06679pt too wide) in paragraph at lines 247--248
 [][] 
 []


<plots/star_comp-_X-0.73,Y-0.25,Z-0.02__Tc-33000000.0/dlogP_dlogT.png, id=96, 5
78.16pt x 433.62pt>
File: plots/star_comp-_X-0.73,Y-0.25,Z-0.02__Tc-33000000.0/dlogP_dlogT.png Grap
hic file (type png)

<use plots/star_comp-_X-0.73,Y-0.25,Z-0.02__Tc-33000000.0/dlogP_dlogT.png>
Package pdftex.def Info: plots/star_comp-_X-0.73,Y-0.25,Z-0.02__Tc-33000000.0/d
logP_dlogT.png used on input line 253.
(pdftex.def)             Requested size: 289.07928pt x 216.80946pt.

Overfull \hbox (18.06679pt too wide) in paragraph at lines 253--254
 [][] 
 []


LaTeX Warning: `!h' float specifier changed to `!ht'.

[5 <C:/Users/Robert Burnet/Google Drive/PHYS 375 Presentation and Report/Report
/plots/star_comp-_X-0.73,Y-0.25,Z-0.02__Tc-9000000.0/stellar_state.png> <C:/Use
rs/Robert Burnet/Google Drive/PHYS 375 Presentation and Report/Report/plots/sta
r_comp-_X-0.73,Y-0.25,Z-0.02__Tc-33000000.0/stellar_state.png>] [6 <C:/Users/Ro
bert Burnet/Google Drive/PHYS 375 Presentation and Report/Report/plots/star_com
p-_X-0.73,Y-0.25,Z-0.02__Tc-9000000.0/partial_pressure.png> <C:/Users/Robert Bu
rnet/Google Drive/PHYS 375 Presentation and Report/Report/plots/star_comp-_X-0.
73,Y-0.25,Z-0.02__Tc-33000000.0/partial_pressure.png> <C:/Users/Robert Burnet/G
oogle Drive/PHYS 375 Presentation and Report/Report/plots/star_comp-_X-0.73,Y-0
.25,Z-0.02__Tc-9000000.0/partial_opacity.png> <C:/Users/Robert Burnet/Google Dr
ive/PHYS 375 Presentation and Report/Report/plots/star_comp-_X-0.73,Y-0.25,Z-0.
02__Tc-33000000.0/partial_opacity.png>] [7 <C:/Users/Robert Burnet/Google Drive
/PHYS 375 Presentation and Report/Report/plots/star_comp-_X-0.73,Y-0.25,Z-0.02_
_Tc-9000000.0/partial_lumin.png> <C:/Users/Robert Burnet/Google Drive/PHYS 375 
Presentation and Report/Report/plots/star_comp-_X-0.73,Y-0.25,Z-0.02__Tc-330000
00.0/partial_lumin.png> <C:/Users/Robert Burnet/Google Drive/PHYS 375 Presentat
ion and Report/Report/plots/star_comp-_X-0.73,Y-0.25,Z-0.02__Tc-9000000.0/dlogP
_dlogT.png> <C:/Users/Robert Burnet/Google Drive/PHYS 375 Presentation and Repo
rt/Report/plots/star_comp-_X-0.73,Y-0.25,Z-0.02__Tc-33000000.0/dlogP_dlogT.png>
] [8]
("C:\Users\Robert Burnet\Google Drive\PHYS 375 Presentation and Report\Report\S
tellarModellingMetallicity/code/stellar_generator.py"
LaTeX Font Info:    Try loading font information for OMS+cmr on input line 3.

("C:\Program Files (x86)\MiKTeX 2.9\tex\latex\base\omscmr.fd"
File: omscmr.fd 1999/05/25 v2.5h Standard LaTeX font definitions
)
LaTeX Font Info:    Font shape `OMS/cmr/m/n' in size <6> not available
(Font)              Font shape `OMS/cmsy/m/n' tried instead on input line 3.
 [9] [10]
LaTeX Font Info:    Try loading font information for OML+cmr on input line 198.


("C:\Program Files (x86)\MiKTeX 2.9\tex\latex\base\omlcmr.fd"
File: omlcmr.fd 1999/05/25 v2.5h Standard LaTeX font definitions
)
LaTeX Font Info:    Font shape `OML/cmr/m/n' in size <6> not available
(Font)              Font shape `OML/cmm/m/it' tried instead on input line 198.
) [11]
("C:\Users\Robert Burnet\Google Drive\PHYS 375 Presentation and Report\Report\S
tellarModellingMetallicity/code/stellar_plotter.py" [12] [13] [14])
("C:\Users\Robert Burnet\Google Drive\PHYS 375 Presentation and Report\Report\S
tellarModellingMetallicity/code/main_sequence.py" [15])
("C:\Users\Robert Burnet\Google Drive\PHYS 375 Presentation and Report\Report\S
tellarModellingMetallicity/code/rkf.py" [16]) [17]
("C:\Users\Robert Burnet\Google Drive\PHYS 375 Presentation and Report\Report\S
tellarModellingMetallicity/code/adaptive_bisection.py") [18]
Package atveryend Info: Empty hook `BeforeClearDocument' on input line 319.
 [19]
Package atveryend Info: Empty hook `AfterLastShipout' on input line 319.

("C:\Users\Robert Burnet\Google Drive\PHYS 375 Presentation and Report\Report\R
obert_Burnet_20465122_PHYS375_Final_Individual_Report.aux")
Package atveryend Info: Executing hook `AtVeryEndDocument' on input line 319.
Package atveryend Info: Executing hook `AtEndAfterFileList' on input line 319.
Package rerunfilecheck Info: File `Robert_Burnet_20465122_PHYS375_Final_Individ
ual_Report.out' has not changed.
(rerunfilecheck)             Checksum: F717B7E0F3BE3B031DB96DF482C5698B;378.


LaTeX Font Warning: Some font shapes were not available, defaults substituted.


LaTeX Warning: There were multiply-defined labels.

Package atveryend Info: Empty hook `AtVeryVeryEnd' on input line 319.
 ) 
Here is how much of TeX's memory you used:
 10931 strings out of 493921
 166887 string characters out of 3144853
 889850 words of memory out of 3000000
 13068 multiletter control sequences out of 15000+200000
 12152 words of font info for 47 fonts, out of 3000000 for 9000
 841 hyphenation exceptions out of 8191
 42i,9n,45p,1457b,1897s stack positions out of 5000i,500n,10000p,200000b,50000s
<C:/Program Files (x86)/MiKTeX 2.9/fonts/type1/public/amsfonts/cm/cmbx10.pfb>
<C:/Program Files (x86)/MiKTeX 2.9/fonts/type1/public/amsfonts/cm/cmbx12.pfb><C
:/Program Files (x86)/MiKTeX 2.9/fonts/type1/public/amsfonts/cm/cmex10.pfb><C:/
Program Files (x86)/MiKTeX 2.9/fonts/type1/public/amsfonts/cm/cmmi10.pfb><C:/Pr
ogram Files (x86)/MiKTeX 2.9/fonts/type1/public/amsfonts/cm/cmmi6.pfb><C:/Progr
am Files (x86)/MiKTeX 2.9/fonts/type1/public/amsfonts/cm/cmmi8.pfb><C:/Program 
Files (x86)/MiKTeX 2.9/fonts/type1/public/amsfonts/cm/cmr10.pfb><C:/Program Fil
es (x86)/MiKTeX 2.9/fonts/type1/public/amsfonts/cm/cmr6.pfb><C:/Program Files (
x86)/MiKTeX 2.9/fonts/type1/public/amsfonts/cm/cmr8.pfb><C:/Program Files (x86)
/MiKTeX 2.9/fonts/type1/public/amsfonts/cm/cmsy10.pfb><C:/Program Files (x86)/M
iKTeX 2.9/fonts/type1/public/amsfonts/cm/cmsy6.pfb><C:/Program Files (x86)/MiKT
eX 2.9/fonts/type1/public/amsfonts/cm/cmsy7.pfb><C:/Program Files (x86)/MiKTeX 
2.9/fonts/type1/public/amsfonts/cm/cmsy8.pfb><C:/Program Files (x86)/MiKTeX 2.9
/fonts/type1/public/amsfonts/cm/cmti10.pfb>
Output written on Robert_Burnet_20465122_PHYS375_Final_Individual_Report.pdf (2
1 pages, 723865 bytes).
PDF statistics:
 1390 PDF objects out of 1440 (max. 8388607)
 1002 named destinations out of 1200 (max. 500000)
 114 words of extra memory for PDF output out of 10000 (max. 10000000)

